<?xml version="1.0" encoding="UTF-8"?>
<!-- Generated by org.testng.reporters.JUnitReportReporter -->
<testsuite hostname="Kanchan" failures="0" tests="1" name="General.GenPra" time="9.943" errors="0" timestamp="2024-08-15T00:59:01 IST" skipped="0">
  <testcase classname="General.GenPra" name="demoGen" time="9.943"/>
</testsuite> <!-- General.GenPra -->
