<?xml version="1.0" encoding="UTF-8"?>
<!-- Generated by org.testng.reporters.JUnitReportReporter -->
<testsuite hostname="Kanchan" failures="0" tests="1" name="com.TestCases.TC_NewAccount_002" time="5.451" errors="0" timestamp="2024-08-15T01:04:12 IST" skipped="0">
  <testcase classname="com.TestCases.TC_NewAccount_002" name="NewAccount" time="5.451"/>
  <system-out/>
</testsuite> <!-- com.TestCases.TC_NewAccount_002 -->
