<?xml version="1.0" encoding="UTF-8"?>
<!-- Generated by org.testng.reporters.JUnitReportReporter -->
<testsuite hostname="Kanchan" failures="0" tests="1" name="General.GenPra" time="9.234" errors="0" timestamp="2024-08-15T01:04:12 IST" skipped="0">
  <testcase classname="General.GenPra" name="demoGen" time="9.234"/>
  <system-out/>
</testsuite> <!-- General.GenPra -->
